<?xml version="1.0" encoding="UTF-8"?>
<!-- Generated by org.testng.reporters.JUnitReportReporter -->
<testsuite hostname="LAPTOP-B5P7068O" failures="0" tests="1" name="infotech.DataModelTest" time="0.037" errors="0" timestamp="14 Oct 2021 04:58:05 GMT">
  <testcase classname="infotech.DataModelTest" name="areHelloWorldTwoWords" time="0.037"/>
</testsuite> <!-- infotech.DataModelTest -->
